<?xml version="1.0" encoding="UTF-8"?>
<!-- Generated by org.testng.reporters.JUnitXMLReporter -->
<testsuite ignored="2" hostname="LAPTOP-2L4TB7K4" failures="1" tests="2" name="Test" time="17.155" errors="0" timestamp="2024-02-12T17:22:25 IST">
  <testcase classname="TestCases.LoginTest" name="login" time="5.333"/>
  <testcase classname="TestCases.HomeTest" name="toClickSettings" time="5.31">
    <failure type="java.lang.NullPointerException" message="Cannot invoke &amp;quot;com.cloud.PageObjects.HomePage.tosettings()&amp;quot; because &amp;quot;TestCases.HomeTest.hp&amp;quot; is null">
      <![CDATA[java.lang.NullPointerException: Cannot invoke "com.cloud.PageObjects.HomePage.tosettings()" because "TestCases.HomeTest.hp" is null
at TestCases.HomeTest.toClickSettings(HomeTest.java:13)
at java.base/java.util.ArrayList.forEach(ArrayList.java:1511)
... Removed 25 stack frames]]>
    </failure>
  </testcase> <!-- toClickSettings -->
  <testcase classname="com.cloud.BaseClass.BaseClass" name="@AfterSuite EndGame" time="0.0">
    <ignored/>
  </testcase> <!-- @AfterSuite EndGame -->
  <testcase classname="com.cloud.BaseClass.BaseClass" name="@BeforeSuite loadConfig" time="0.0">
    <ignored/>
  </testcase> <!-- @BeforeSuite loadConfig -->
</testsuite> <!-- Test -->
