<?xml version="1.0" encoding="UTF-8"?>
<testng-results ignored="0" total="1" passed="1" failed="0" skipped="0">
  <reporter-output>
  </reporter-output>
  <suite started-at="2024-02-13T14:47:05 IST" name="Default suite" finished-at="2024-02-13T14:47:22 IST" duration-ms="16662">
    <groups>
    </groups>
    <test started-at="2024-02-13T14:47:05 IST" name="Default test" finished-at="2024-02-13T14:47:22 IST" duration-ms="16662">
      <class name="TestCases.TechnicalModuleTest">
        <test-method is-config="true" signature="loadConfig()[pri:0, instance:TestCases.TechnicalModuleTest@4cc451f2]" started-at="2024-02-13T14:47:05 IST" name="loadConfig" finished-at="2024-02-13T14:47:05 IST" duration-ms="8" status="PASS">
          <reporter-output>
          </reporter-output>
        </test-method> <!-- loadConfig -->
        <test-method is-config="true" signature="firstCall()[pri:0, instance:TestCases.TechnicalModuleTest@4cc451f2]" started-at="2024-02-13T14:47:05 IST" name="firstCall" finished-at="2024-02-13T14:47:09 IST" duration-ms="3964" status="PASS">
          <reporter-output>
          </reporter-output>
        </test-method> <!-- firstCall -->
        <test-method signature="expandVesselPurticulars()[pri:0, instance:TestCases.TechnicalModuleTest@4cc451f2]" started-at="2024-02-13T14:47:09 IST" name="expandVesselPurticulars" finished-at="2024-02-13T14:47:22 IST" duration-ms="12491" status="PASS">
          <reporter-output>
          </reporter-output>
        </test-method> <!-- expandVesselPurticulars -->
        <test-method is-config="true" signature="endbrowser()[pri:0, instance:TestCases.TechnicalModuleTest@4cc451f2]" started-at="2024-02-13T14:47:22 IST" name="endbrowser" finished-at="2024-02-13T14:47:22 IST" duration-ms="181" status="PASS">
          <reporter-output>
          </reporter-output>
        </test-method> <!-- endbrowser -->
        <test-method is-config="true" signature="EndGame()[pri:0, instance:TestCases.TechnicalModuleTest@4cc451f2]" started-at="2024-02-13T14:47:22 IST" name="EndGame" finished-at="2024-02-13T14:47:22 IST" duration-ms="0" status="PASS">
          <reporter-output>
          </reporter-output>
        </test-method> <!-- EndGame -->
      </class> <!-- TestCases.TechnicalModuleTest -->
    </test> <!-- Default test -->
  </suite> <!-- Default suite -->
</testng-results>
